C:\Users\User\Desktop\Uni Folder\ISCG 6442 - Game Programming\Rumble\Copy\Rumble-Assignment-2-\Debug\Game Start.exe
C:\USERS\USER\DESKTOP\UNI FOLDER\ISCG 6442 - GAME PROGRAMMING\RUMBLE\COPY\RUMBLE-ASSIGNMENT-2-\GAME START\DEBUG\ASSETS.OBJ
C:\USERS\USER\DESKTOP\UNI FOLDER\ISCG 6442 - GAME PROGRAMMING\RUMBLE\COPY\RUMBLE-ASSIGNMENT-2-\GAME START\DEBUG\CHARACTER.OBJ
C:\USERS\USER\DESKTOP\UNI FOLDER\ISCG 6442 - GAME PROGRAMMING\RUMBLE\COPY\RUMBLE-ASSIGNMENT-2-\GAME START\DEBUG\CHATBOX.OBJ
C:\Users\User\Desktop\Uni Folder\ISCG 6442 - Game Programming\Rumble\Copy\Rumble-Assignment-2-\Game Start\Debug\cl.command.1.tlog
C:\Users\User\Desktop\Uni Folder\ISCG 6442 - Game Programming\Rumble\Copy\Rumble-Assignment-2-\Game Start\Debug\CL.read.1.tlog
C:\Users\User\Desktop\Uni Folder\ISCG 6442 - Game Programming\Rumble\Copy\Rumble-Assignment-2-\Game Start\Debug\CL.write.1.tlog
C:\USERS\USER\DESKTOP\UNI FOLDER\ISCG 6442 - GAME PROGRAMMING\RUMBLE\COPY\RUMBLE-ASSIGNMENT-2-\GAME START\DEBUG\ENEMY.OBJ
C:\Users\User\Desktop\Uni Folder\ISCG 6442 - Game Programming\Rumble\Copy\Rumble-Assignment-2-\Game Start\Debug\Game Start.exe.embed.manifest
C:\USERS\USER\DESKTOP\UNI FOLDER\ISCG 6442 - GAME PROGRAMMING\RUMBLE\COPY\RUMBLE-ASSIGNMENT-2-\GAME START\DEBUG\GAME START.EXE.EMBED.MANIFEST.RES
C:\Users\User\Desktop\Uni Folder\ISCG 6442 - Game Programming\Rumble\Copy\Rumble-Assignment-2-\Game Start\Debug\Game Start.write.1.tlog
C:\Users\User\Desktop\Uni Folder\ISCG 6442 - Game Programming\Rumble\Copy\Rumble-Assignment-2-\Game Start\Debug\Game Start_manifest.rc
C:\USERS\USER\DESKTOP\UNI FOLDER\ISCG 6442 - GAME PROGRAMMING\RUMBLE\COPY\RUMBLE-ASSIGNMENT-2-\GAME START\DEBUG\HUD.OBJ
C:\USERS\USER\DESKTOP\UNI FOLDER\ISCG 6442 - GAME PROGRAMMING\RUMBLE\COPY\RUMBLE-ASSIGNMENT-2-\GAME START\DEBUG\ITEM.OBJ
C:\Users\User\Desktop\Uni Folder\ISCG 6442 - Game Programming\Rumble\Copy\Rumble-Assignment-2-\Game Start\Debug\link.command.1.tlog
C:\Users\User\Desktop\Uni Folder\ISCG 6442 - Game Programming\Rumble\Copy\Rumble-Assignment-2-\Game Start\Debug\link.read.1.tlog
C:\Users\User\Desktop\Uni Folder\ISCG 6442 - Game Programming\Rumble\Copy\Rumble-Assignment-2-\Game Start\Debug\link.write.1.tlog
C:\USERS\USER\DESKTOP\UNI FOLDER\ISCG 6442 - GAME PROGRAMMING\RUMBLE\COPY\RUMBLE-ASSIGNMENT-2-\GAME START\DEBUG\MAIN.OBJ
C:\USERS\USER\DESKTOP\UNI FOLDER\ISCG 6442 - GAME PROGRAMMING\RUMBLE\COPY\RUMBLE-ASSIGNMENT-2-\GAME START\DEBUG\MAP.OBJ
C:\USERS\USER\DESKTOP\UNI FOLDER\ISCG 6442 - GAME PROGRAMMING\RUMBLE\COPY\RUMBLE-ASSIGNMENT-2-\GAME START\DEBUG\PLAYER.OBJ
C:\USERS\USER\DESKTOP\UNI FOLDER\ISCG 6442 - GAME PROGRAMMING\RUMBLE\COPY\RUMBLE-ASSIGNMENT-2-\GAME START\DEBUG\PROJECTILE.OBJ
C:\USERS\USER\DESKTOP\UNI FOLDER\ISCG 6442 - GAME PROGRAMMING\RUMBLE\COPY\RUMBLE-ASSIGNMENT-2-\GAME START\DEBUG\QUADTREE.OBJ
C:\Users\User\Desktop\Uni Folder\ISCG 6442 - Game Programming\Rumble\Copy\Rumble-Assignment-2-\Game Start\Debug\rc.command.1.tlog
C:\Users\User\Desktop\Uni Folder\ISCG 6442 - Game Programming\Rumble\Copy\Rumble-Assignment-2-\Game Start\Debug\rc.read.1.tlog
C:\Users\User\Desktop\Uni Folder\ISCG 6442 - Game Programming\Rumble\Copy\Rumble-Assignment-2-\Game Start\Debug\rc.write.1.tlog
C:\USERS\USER\DESKTOP\UNI FOLDER\ISCG 6442 - GAME PROGRAMMING\RUMBLE\COPY\RUMBLE-ASSIGNMENT-2-\GAME START\DEBUG\STORE.OBJ
C:\Users\User\Desktop\Uni Folder\ISCG 6442 - Game Programming\Rumble\Copy\Rumble-Assignment-2-\Game Start\Debug\vc100.idb
C:\USERS\USER\DESKTOP\UNI FOLDER\ISCG 6442 - GAME PROGRAMMING\RUMBLE\COPY\RUMBLE-ASSIGNMENT-2-\GAME START\DEBUG\VC100.PDB
