Build started 23/11/2015 7:23:03 PM.
     1>Project "C:\Users\Justin\Documents\GitHub\Rumble-Assignment-2-\Game Start\Game Start.vcxproj" on node 2 (build target(s)).
     1>InitializeBuildStatus:
         Creating "Release\Game Start.unsuccessfulbuild" because "AlwaysCreate" was specified.
       ClCompile:
         c:\Program Files (x86)\Microsoft Visual Studio 10.0\VC\bin\CL.exe /c /I"C:\Temp\SFML-2.3.2\include" /Zi /nologo /W3 /WX- /O2 /Oi /Oy- /GL /D WIN32 /D NDEBUG /D _CONSOLE /D _UNICODE /D UNICODE /Gm- /EHsc /MD /GS /Gy /fp:precise /Zc:wchar_t /Zc:forScope /Fo"Release\\" /Fd"Release\vc100.pdb" /Gd /TP /analyze- /errorReport:prompt Main.cpp
         Main.cpp
     1>c:\users\justin\documents\github\rumble-assignment-2-\game start\QuadTree.h(21): warning C4099: 'Enemy' : type name first seen using 'class' now seen using 'struct'
                 c:\users\justin\documents\github\rumble-assignment-2-\game start\Character.h(149) : see declaration of 'Enemy'
     1>Main.cpp(198): warning C4482: nonstandard extension used: enum 'Map::Tile' used in qualified name
     1>Main.cpp(201): warning C4244: 'argument' : conversion from 'int' to 'float', possible loss of data
     1>Main.cpp(201): warning C4244: 'argument' : conversion from 'int' to 'float', possible loss of data
     1>Main.cpp(204): warning C4482: nonstandard extension used: enum 'Map::Tile' used in qualified name
     1>Main.cpp(204): warning C4482: nonstandard extension used: enum 'Map::Tile' used in qualified name
     1>Main.cpp(204): warning C4482: nonstandard extension used: enum 'Map::Tile' used in qualified name
     1>Main.cpp(208): warning C4482: nonstandard extension used: enum 'Map::Tile' used in qualified name
     1>Main.cpp(212): warning C4482: nonstandard extension used: enum 'Map::Tile' used in qualified name
     1>Main.cpp(216): warning C4482: nonstandard extension used: enum 'Map::Tile' used in qualified name
     1>Main.cpp(220): warning C4482: nonstandard extension used: enum 'Map::Tile' used in qualified name
     1>Main.cpp(224): warning C4482: nonstandard extension used: enum 'Map::Tile' used in qualified name
     1>Main.cpp(228): warning C4482: nonstandard extension used: enum 'Map::Tile' used in qualified name
     1>Main.cpp(232): warning C4482: nonstandard extension used: enum 'Map::Tile' used in qualified name
     1>Main.cpp(236): warning C4482: nonstandard extension used: enum 'Map::Tile' used in qualified name
     1>Main.cpp(240): warning C4482: nonstandard extension used: enum 'Map::Tile' used in qualified name
     1>Main.cpp(243): warning C4305: 'argument' : truncation from 'double' to 'float'
     1>Main.cpp(243): warning C4305: 'argument' : truncation from 'double' to 'float'
     1>Main.cpp(247): warning C4482: nonstandard extension used: enum 'Map::Tile' used in qualified name
     1>Main.cpp(247): warning C4482: nonstandard extension used: enum 'Map::Tile' used in qualified name
     1>Main.cpp(262): warning C4482: nonstandard extension used: enum 'Map::Tile' used in qualified name
     1>Main.cpp(262): warning C4244: 'argument' : conversion from 'const float' to 'int', possible loss of data
     1>Main.cpp(269): warning C4482: nonstandard extension used: enum 'Map::Tile' used in qualified name
     1>Main.cpp(276): warning C4482: nonstandard extension used: enum 'Map::Tile' used in qualified name
     1>Main.cpp(283): warning C4482: nonstandard extension used: enum 'Map::Tile' used in qualified name
     1>Main.cpp(407): warning C4244: 'argument' : conversion from 'unsigned int' to 'float', possible loss of data
     1>Main.cpp(407): warning C4244: 'argument' : conversion from 'unsigned int' to 'float', possible loss of data
     1>Main.cpp(421): warning C4244: 'argument' : conversion from 'int' to 'float', possible loss of data
     1>Main.cpp(421): warning C4244: 'argument' : conversion from 'int' to 'float', possible loss of data
     1>Main.cpp(423): warning C4244: 'argument' : conversion from 'int' to 'float', possible loss of data
     1>Main.cpp(423): warning C4244: 'argument' : conversion from 'int' to 'float', possible loss of data
     1>Main.cpp(481): warning C4244: 'argument' : conversion from 'unsigned int' to 'float', possible loss of data
     1>Main.cpp(481): warning C4244: 'argument' : conversion from 'unsigned int' to 'float', possible loss of data
     1>Main.cpp(482): warning C4244: 'argument' : conversion from 'double' to 'float', possible loss of data
     1>Main.cpp(482): warning C4244: 'argument' : conversion from 'int' to 'float', possible loss of data
     1>Main.cpp(483): warning C4305: 'argument' : truncation from 'double' to 'float'
     1>Main.cpp(503): warning C4244: 'argument' : conversion from 'int' to 'float', possible loss of data
     1>Main.cpp(503): warning C4244: 'argument' : conversion from 'int' to 'float', possible loss of data
     1>Main.cpp(734): warning C4482: nonstandard extension used: enum 'sf::Mouse::Button' used in qualified name
     1>Main.cpp(737): warning C4244: 'argument' : conversion from 'int' to 'float', possible loss of data
     1>Main.cpp(756): warning C4244: 'argument' : conversion from 'float' to 'int', possible loss of data
     1>Main.cpp(756): warning C4244: 'argument' : conversion from 'float' to 'int', possible loss of data
     1>Main.cpp(762): warning C4244: 'argument' : conversion from 'float' to 'int', possible loss of data
     1>Main.cpp(762): warning C4244: 'argument' : conversion from 'float' to 'int', possible loss of data
     1>Main.cpp(827): warning C4482: nonstandard extension used: enum 'Map::Tile' used in qualified name
     1>Main.cpp(850): warning C4482: nonstandard extension used: enum 'Map::Tile' used in qualified name
     1>Main.cpp(852): warning C4805: '==' : unsafe mix of type 'int' and type 'bool' in operation
     1>Main.cpp(866): warning C4482: nonstandard extension used: enum 'Map::Tile' used in qualified name
     1>Main.cpp(868): warning C4805: '==' : unsafe mix of type 'int' and type 'bool' in operation
     1>Main.cpp(902): warning C4018: '>=' : signed/unsigned mismatch
     1>Main.cpp(906): warning C4018: '<' : signed/unsigned mismatch
     1>Main.cpp(921): warning C4018: '<' : signed/unsigned mismatch
     1>Main.cpp(960): warning C4018: '<' : signed/unsigned mismatch
     1>Main.cpp(981): warning C4018: '<' : signed/unsigned mismatch
       Link:
         c:\Program Files (x86)\Microsoft Visual Studio 10.0\VC\bin\link.exe /ERRORREPORT:PROMPT /OUT:"C:\Users\Justin\Documents\GitHub\Rumble-Assignment-2-\Release\Game Start.exe" /INCREMENTAL:NO /NOLOGO /LIBPATH:"C:\Temp\SFML-2.3.2\lib" "sfml-graphics.lib" "sfml-window.lib" "sfml-system.lib" "sfml-audio.lib" "sfml-main.lib" kernel32.lib user32.lib gdi32.lib winspool.lib comdlg32.lib advapi32.lib shell32.lib ole32.lib oleaut32.lib uuid.lib odbc32.lib odbccp32.lib /MANIFEST /ManifestFile:"Release\Game Start.exe.intermediate.manifest" /MANIFESTUAC:"level='asInvoker' uiAccess='false'" /DEBUG /PDB:"C:\Users\Justin\Documents\GitHub\Rumble-Assignment-2-\Release\Game Start.pdb" /SUBSYSTEM:CONSOLE /OPT:REF /OPT:ICF /LTCG /TLBID:1 /DYNAMICBASE /NXCOMPAT /IMPLIB:"C:\Users\Justin\Documents\GitHub\Rumble-Assignment-2-\Release\Game Start.lib" /MACHINE:X86 Release\Assets.obj
         Release\Character.obj
         Release\ChatBox.obj
         Release\Effects.obj
         Release\Enemy.obj
         Release\Hud.obj
         Release\Item.obj
         Release\Main.obj
         Release\Map.obj
         Release\Particle.obj
         Release\Player.obj
         Release\projectile.obj
         Release\QuadTree.obj
         Release\Store.obj
         Generating code
     1>c:\users\justin\documents\github\rumble-assignment-2-\game start\quadtree.cpp(95): warning C4715: 'QuadTree::insert' : not all control paths return a value
     1>c:\users\justin\documents\github\rumble-assignment-2-\game start\store.cpp(348): warning C4715: 'Store::getInfo' : not all control paths return a value
     1>c:\users\justin\documents\github\rumble-assignment-2-\game start\main.cpp(902): warning C4700: uninitialized local variable 'eLoop' used
         Finished generating code
         Game Start.vcxproj -> C:\Users\Justin\Documents\GitHub\Rumble-Assignment-2-\Release\Game Start.exe
       Manifest:
         C:\Program Files (x86)\Microsoft SDKs\Windows\v7.0A\bin\mt.exe /nologo /verbose /outputresource:"C:\Users\Justin\Documents\GitHub\Rumble-Assignment-2-\Release\Game Start.exe;#1" /manifest "Release\Game Start.exe.intermediate.manifest"
       FinalizeBuildStatus:
         Deleting file "Release\Game Start.unsuccessfulbuild".
         Touching "Release\Game Start.lastbuildstate".
     1>Done Building Project "C:\Users\Justin\Documents\GitHub\Rumble-Assignment-2-\Game Start\Game Start.vcxproj" (build target(s)).

Build succeeded.

Time Elapsed 00:00:03.52
